1689791246822	geckodriver	INFO	Listening on 127.0.0.1:65227
1689791247236	mozrunner::runner	INFO	Running command: MOZ_CRASHREPORTER="1" MOZ_CRASHREPORTER_NO_REPORT="1" MOZ_CRASHREPORTER_SHUTDOWN="1" MOZ_NO_REMOTE="1" "/App ... s" "localhost" "-foreground" "-no-remote" "-profile" "/var/folders/61/3wygh6_x487g7y8p0dd7vzk00000gn/T/rust_mozprofileCMS3BD"
console.warn: services.settings: Ignoring preference override of remote settings server
console.warn: services.settings: Allow by setting MOZ_REMOTE_SETTINGS_DEVTOOLS=1 in the environment
1689791248424	Marionette	INFO	Marionette enabled
1689791249035	Marionette	INFO	Listening on port 65267
Read port: 65267
console.error: "Warning: unrecognized command line flag -remote-allow-hosts\n"
2023-07-19 11:27:29.462 plugin-container[86791:3551371] nil host used in call to allowsSpecificHTTPSCertificateForHost
2023-07-19 11:27:29.491 plugin-container[86791:3551371] nil host used in call to allowsAnyHTTPSCertificateForHost:
WebDriver BiDi listening on ws://127.0.0.1:65228
1689791249644	RemoteAgent	WARN	TLS certificate errors will be ignored for this session
2023-07-19 11:27:30.188 plugin-container[86791:3551371] nil host used in call to allowsSpecificHTTPSCertificateForHost
2023-07-19 11:27:30.282 plugin-container[86791:3551371] nil host used in call to allowsAnyHTTPSCertificateForHost:
2023-07-19 11:27:30.282 plugin-container[86791:3551471] nil host used in call to allowsSpecificHTTPSCertificateForHost
2023-07-19 11:27:30.282 plugin-container[86791:3551471] nil host used in call to allowsAnyHTTPSCertificateForHost:
UNSUPPORTED (log once): POSSIBLE ISSUE: unit 1 GLD_TEXTURE_INDEX_2D is unloadable and bound to sampler type (Float) - using zero texture because texture unloadable
console.warn: SearchSettings: "get: No settings file exists, new profile?" (new NotFoundError("Could not open the file at /var/folders/61/3wygh6_x487g7y8p0dd7vzk00000gn/T/rust_mozprofileCMS3BD/search.json.mozlz4", (void 0)))
2023-07-19 18:27:31.629 plugin-container[86803:3551626] nil host used in call to allowsSpecificHTTPSCertificateForHost
2023-07-19 18:27:31.629 plugin-container[86803:3551626] nil host used in call to allowsAnyHTTPSCertificateForHost:
2023-07-19 18:27:31.632 plugin-container[86803:3551626] nil host used in call to allowsSpecificHTTPSCertificateForHost
2023-07-19 18:27:31.632 plugin-container[86803:3551626] nil host used in call to allowsAnyHTTPSCertificateForHost:
2023-07-19 18:27:31.632 plugin-container[86803:3551627] nil host used in call to allowsSpecificHTTPSCertificateForHost
2023-07-19 18:27:31.632 plugin-container[86803:3551627] nil host used in call to allowsAnyHTTPSCertificateForHost:
DevTools listening on ws://127.0.0.1:65228/devtools/browser/5ab7b4ac-6590-4455-8e27-6d50ccdd088a
1689791316379	geckodriver	INFO	Listening on 127.0.0.1:49249
1689791316904	mozrunner::runner	INFO	Running command: MOZ_CRASHREPORTER="1" MOZ_CRASHREPORTER_NO_REPORT="1" MOZ_CRASHREPORTER_SHUTDOWN="1" MOZ_NO_REMOTE="1" "/App ... s" "localhost" "-foreground" "-no-remote" "-profile" "/var/folders/61/3wygh6_x487g7y8p0dd7vzk00000gn/T/rust_mozprofileDnTwaZ"
console.warn: services.settings: Ignoring preference override of remote settings server
console.warn: services.settings: Allow by setting MOZ_REMOTE_SETTINGS_DEVTOOLS=1 in the environment
1689791317443	Marionette	INFO	Marionette enabled
1689791317491	Marionette	INFO	Listening on port 49272
console.error: "Warning: unrecognized command line flag -remote-allow-hosts\n"
Read port: 49272
2023-07-19 11:28:37.574 plugin-container[86879:3552785] nil host used in call to allowsSpecificHTTPSCertificateForHost
2023-07-19 11:28:37.574 plugin-container[86879:3552785] nil host used in call to allowsAnyHTTPSCertificateForHost:
WebDriver BiDi listening on ws://127.0.0.1:49250
1689791317612	RemoteAgent	WARN	TLS certificate errors will be ignored for this session
2023-07-19 11:28:37.706 plugin-container[86879:3552785] nil host used in call to allowsSpecificHTTPSCertificateForHost
2023-07-19 11:28:37.706 plugin-container[86879:3552785] nil host used in call to allowsAnyHTTPSCertificateForHost:
2023-07-19 11:28:37.706 plugin-container[86879:3552781] nil host used in call to allowsSpecificHTTPSCertificateForHost
2023-07-19 11:28:37.706 plugin-container[86879:3552781] nil host used in call to allowsAnyHTTPSCertificateForHost:
UNSUPPORTED (log once): POSSIBLE ISSUE: unit 1 GLD_TEXTURE_INDEX_2D is unloadable and bound to sampler type (Float) - using zero texture because texture unloadable
console.warn: SearchSettings: "get: No settings file exists, new profile?" (new NotFoundError("Could not open the file at /var/folders/61/3wygh6_x487g7y8p0dd7vzk00000gn/T/rust_mozprofileDnTwaZ/search.json.mozlz4", (void 0)))
DevTools listening on ws://127.0.0.1:49250/devtools/browser/78689186-4691-4d59-a481-25bbc29c9c15
2023-07-19 18:28:39.750 plugin-container[86883:3553056] nil host used in call to allowsSpecificHTTPSCertificateForHost
2023-07-19 18:28:39.750 plugin-container[86883:3553056] nil host used in call to allowsAnyHTTPSCertificateForHost:
2023-07-19 18:28:39.758 plugin-container[86883:3553056] nil host used in call to allowsSpecificHTTPSCertificateForHost
2023-07-19 18:28:39.758 plugin-container[86883:3553056] nil host used in call to allowsAnyHTTPSCertificateForHost:
2023-07-19 18:28:39.759 plugin-container[86883:3553057] nil host used in call to allowsSpecificHTTPSCertificateForHost
2023-07-19 18:28:39.759 plugin-container[86883:3553057] nil host used in call to allowsAnyHTTPSCertificateForHost:
console.error: "Problem getting stored prefs for TopSites"
JavaScript error: , line 0: uncaught exception: null
console.error: "Problem getting stored prefs for TopSites"
JavaScript error: , line 0: uncaught exception: null
console.error: "Problem getting stored prefs for TopSites"
JavaScript error: , line 0: uncaught exception: null
console.error: "Problem getting stored prefs for TopSites"
JavaScript error: , line 0: uncaught exception: null
console.error: "Problem getting stored prefs for TopSites"
JavaScript error: , line 0: uncaught exception: null
console.error: "Problem getting stored prefs for TopSites"
JavaScript error: , line 0: uncaught exception: null
console.error: "Problem getting stored prefs for TopSites"
JavaScript error: , line 0: uncaught exception: null
console.error: "Problem getting stored prefs for TopSites"
JavaScript error: , line 0: uncaught exception: null
console.error: "Problem getting stored prefs for TopSites"
JavaScript error: , line 0: uncaught exception: null
console.error: "Problem getting stored prefs for TopSites"
JavaScript error: , line 0: uncaught exception: null
console.error: "Problem getting stored prefs for TopSites"
JavaScript error: , line 0: uncaught exception: null
console.error: "Problem getting stored prefs for TopSites"
JavaScript error: , line 0: uncaught exception: null
console.error: "Problem getting stored prefs for TopSites"
JavaScript error: , line 0: uncaught exception: null
console.error: "Problem getting stored prefs for TopSites"
JavaScript error: , line 0: uncaught exception: null
console.error: "Problem getting stored prefs for TopSites"
JavaScript error: , line 0: uncaught exception: null
console.error: "Problem getting stored prefs for TopSites"
JavaScript error: , line 0: uncaught exception: null
console.error: "Problem getting stored prefs for TopSites"
JavaScript error: , line 0: uncaught exception: null
console.error: "Problem getting stored prefs for TopSites"
JavaScript error: , line 0: uncaught exception: null
console.error: "Problem getting stored prefs for TopSites"
JavaScript error: , line 0: uncaught exception: null
console.error: "Problem getting stored prefs for TopSites"
JavaScript error: , line 0: uncaught exception: null
console.error: "Problem getting stored prefs for TopSites"
JavaScript error: , line 0: uncaught exception: null
console.error: "Problem getting stored prefs for TopSites"
JavaScript error: , line 0: uncaught exception: null
console.error: "Problem getting stored prefs for TopSites"
JavaScript error: , line 0: uncaught exception: null
console.error: "Problem getting stored prefs for TopSites"
JavaScript error: , line 0: uncaught exception: null
console.error: "Problem getting stored prefs for TopSites"
JavaScript error: , line 0: uncaught exception: null
console.error: "Problem getting stored prefs for TopSites"
JavaScript error: , line 0: uncaught exception: null
console.error: "Problem getting stored prefs for TopSites"
JavaScript error: , line 0: uncaught exception: null
console.error: "Problem getting stored prefs for TopSites"
JavaScript error: , line 0: uncaught exception: null
console.error: "Problem getting stored prefs for TopSites"
JavaScript error: , line 0: uncaught exception: null
console.error: "Problem getting stored prefs for TopSites"
JavaScript error: , line 0: uncaught exception: null
console.error: "Problem getting stored prefs for TopSites"
JavaScript error: , line 0: uncaught exception: null
console.error: "Problem getting stored prefs for TopSites"
JavaScript error: , line 0: uncaught exception: null
console.error: "Problem getting stored prefs for TopSites"
JavaScript error: , line 0: uncaught exception: null
console.error: "Problem getting stored prefs for TopSites"
JavaScript error: , line 0: uncaught exception: null
console.error: "Problem getting stored prefs for TopSites"
JavaScript error: , line 0: uncaught exception: null
console.error: "Problem getting stored prefs for TopSites"
JavaScript error: , line 0: uncaught exception: null
console.error: "Problem getting stored prefs for TopSites"
JavaScript error: , line 0: uncaught exception: null
console.error: "Problem getting stored prefs for TopSites"
JavaScript error: , line 0: uncaught exception: null
console.error: "Problem getting stored prefs for TopSites"
JavaScript error: , line 0: uncaught exception: null
console.error: "Problem getting stored prefs for TopSites"
JavaScript error: , line 0: uncaught exception: null
console.error: "Problem getting stored prefs for TopSites"
JavaScript error: , line 0: uncaught exception: null
console.error: "Problem getting stored prefs for TopSites"
JavaScript error: , line 0: uncaught exception: null
console.error: "Problem getting stored prefs for TopSites"
JavaScript error: , line 0: uncaught exception: null
console.error: "Problem getting stored prefs for TopSites"
JavaScript error: , line 0: uncaught exception: null
console.error: "Problem getting stored prefs for TopSites"
JavaScript error: , line 0: uncaught exception: null
console.error: "Problem getting stored prefs for TopSites"
JavaScript error: , line 0: uncaught exception: null
